  [1m[35m (0.9ms)[0m  [1m[34mSELECT pg_try_advisory_lock(5796706365260502195)[0m
  [1m[36mActiveRecord::SchemaMigration Load (3.6ms)[0m  [1m[34mSELECT "schema_migrations"."version" FROM "schema_migrations" ORDER BY "schema_migrations"."version" ASC[0m
  [1m[36mActiveRecord::InternalMetadata Load (2.1ms)[0m  [1m[34mSELECT * FROM "ar_internal_metadata" WHERE "ar_internal_metadata"."key" = $1 ORDER BY "ar_internal_metadata"."key" ASC LIMIT 1[0m  [[nil, "environment"]]
Migrating to DeviseCreateUsers (20240531065540)
  [1m[36mTRANSACTION (0.2ms)[0m  [1m[35mBEGIN[0m
  [1m[35m (11.6ms)[0m  [1m[35mCREATE TABLE "users" ("id" bigserial primary key, "email" character varying DEFAULT '' NOT NULL, "encrypted_password" character varying DEFAULT '' NOT NULL, "reset_password_token" character varying, "reset_password_sent_at" timestamp(6), "remember_created_at" timestamp(6), "created_at" timestamp(6) NOT NULL, "updated_at" timestamp(6) NOT NULL)[0m
  [1m[36mTRANSACTION (0.2ms)[0m  [1m[31mROLLBACK[0m
  [1m[35m (0.3ms)[0m  [1m[34mSELECT pg_advisory_unlock(5796706365260502195)[0m
  [1m[35m (0.2ms)[0m  [1m[34mSELECT pg_try_advisory_lock(5796706365260502195)[0m
  [1m[36mActiveRecord::SchemaMigration Load (1.1ms)[0m  [1m[34mSELECT "schema_migrations"."version" FROM "schema_migrations" ORDER BY "schema_migrations"."version" ASC[0m
  [1m[36mActiveRecord::InternalMetadata Load (1.4ms)[0m  [1m[34mSELECT * FROM "ar_internal_metadata" WHERE "ar_internal_metadata"."key" = $1 ORDER BY "ar_internal_metadata"."key" ASC LIMIT 1[0m  [[nil, "environment"]]
Migrating to DeviseCreateUsers (20240531065540)
  [1m[36mTRANSACTION (0.2ms)[0m  [1m[35mBEGIN[0m
  [1m[35m (10.7ms)[0m  [1m[35mCREATE TABLE "users" ("id" bigserial primary key, "email" character varying DEFAULT '' NOT NULL, "encrypted_password" character varying DEFAULT '' NOT NULL, "reset_password_token" character varying, "reset_password_sent_at" timestamp(6), "remember_created_at" timestamp(6), "created_at" timestamp(6) NOT NULL, "updated_at" timestamp(6) NOT NULL)[0m
  [1m[35m (13.3ms)[0m  [1m[35mCREATE UNIQUE INDEX "index_users_on_email" ON "users" ("email")[0m
  [1m[35m (1.6ms)[0m  [1m[35mCREATE UNIQUE INDEX "index_users_on_reset_password_token" ON "users" ("reset_password_token")[0m
  [1m[36mActiveRecord::SchemaMigration Create (0.3ms)[0m  [1m[32mINSERT INTO "schema_migrations" ("version") VALUES ('20240531065540') RETURNING "version"[0m
  [1m[36mTRANSACTION (4.5ms)[0m  [1m[35mCOMMIT[0m
Migrating to CreateTasks (20240531065600)
  [1m[36mTRANSACTION (0.4ms)[0m  [1m[35mBEGIN[0m
  [1m[35m (12.9ms)[0m  [1m[35mCREATE TABLE "tasks" ("id" bigserial primary key, "title" character varying, "description" text, "state" character varying, "deadline" timestamp(6), "user_id" bigint NOT NULL, "created_at" timestamp(6) NOT NULL, "updated_at" timestamp(6) NOT NULL, CONSTRAINT "fk_rails_4d2a9e4d7e"
FOREIGN KEY ("user_id")
  REFERENCES "users" ("id")
)[0m
  [1m[35m (1.3ms)[0m  [1m[35mCREATE INDEX "index_tasks_on_user_id" ON "tasks" ("user_id")[0m
  [1m[36mActiveRecord::SchemaMigration Create (0.3ms)[0m  [1m[32mINSERT INTO "schema_migrations" ("version") VALUES ('20240531065600') RETURNING "version"[0m
  [1m[36mTRANSACTION (0.6ms)[0m  [1m[35mCOMMIT[0m
  [1m[35m (0.4ms)[0m  [1m[34mSELECT pg_advisory_unlock(5796706365260502195)[0m
  [1m[36mActiveRecord::SchemaMigration Load (0.2ms)[0m  [1m[34mSELECT "schema_migrations"."version" FROM "schema_migrations" ORDER BY "schema_migrations"."version" ASC[0m
  [1m[36mActiveRecord::SchemaMigration Load (1.1ms)[0m  [1m[34mSELECT "schema_migrations"."version" FROM "schema_migrations" ORDER BY "schema_migrations"."version" ASC[0m
  [1m[36mTRANSACTION (0.3ms)[0m  [1m[35mBEGIN[0m
  [1m[36mUser Exists? (2.3ms)[0m  [1m[34mSELECT 1 AS one FROM "users" WHERE "users"."email" = $1 LIMIT $2[0m  [["email", "yuvraj@gmail.com"], ["LIMIT", 1]]
  [1m[36mUser Create (1.2ms)[0m  [1m[32mINSERT INTO "users" ("email", "encrypted_password", "reset_password_token", "reset_password_sent_at", "remember_created_at", "created_at", "updated_at") VALUES ($1, $2, $3, $4, $5, $6, $7) RETURNING "id"[0m  [["email", "yuvraj@gmail.com"], ["encrypted_password", "[FILTERED]"], ["reset_password_token", "[FILTERED]"], ["reset_password_sent_at", "[FILTERED]"], ["remember_created_at", nil], ["created_at", "2024-05-31 17:05:53.284453"], ["updated_at", "2024-05-31 17:05:53.284453"]]
  [1m[36mTRANSACTION (0.5ms)[0m  [1m[35mCOMMIT[0m
  [1m[36mTRANSACTION (0.3ms)[0m  [1m[35mBEGIN[0m
  [1m[36mUser Exists? (1.5ms)[0m  [1m[34mSELECT 1 AS one FROM "users" WHERE "users"."email" = $1 LIMIT $2[0m  [["email", "amaha@example.com"], ["LIMIT", 1]]
  [1m[36mUser Create (0.6ms)[0m  [1m[32mINSERT INTO "users" ("email", "encrypted_password", "reset_password_token", "reset_password_sent_at", "remember_created_at", "created_at", "updated_at") VALUES ($1, $2, $3, $4, $5, $6, $7) RETURNING "id"[0m  [["email", "amaha@example.com"], ["encrypted_password", "[FILTERED]"], ["reset_password_token", "[FILTERED]"], ["reset_password_sent_at", "[FILTERED]"], ["remember_created_at", nil], ["created_at", "2024-05-31 17:05:53.713297"], ["updated_at", "2024-05-31 17:05:53.713297"]]
  [1m[36mTRANSACTION (1.2ms)[0m  [1m[35mCOMMIT[0m
  [1m[36mTRANSACTION (0.2ms)[0m  [1m[35mBEGIN[0m
  [1m[36mTask Create (2.7ms)[0m  [1m[32mINSERT INTO "tasks" ("title", "description", "state", "deadline", "user_id", "created_at", "updated_at") VALUES ($1, $2, $3, $4, $5, $6, $7) RETURNING "id"[0m  [["title", "Design landing page"], ["description", "Design a visually appealing landing page for the website"], ["state", "Backlog"], ["deadline", "2024-06-05 17:05:53.731843"], ["user_id", 1], ["created_at", "2024-05-31 17:05:53.754300"], ["updated_at", "2024-05-31 17:05:53.754300"]]
  [1m[36mTRANSACTION (0.3ms)[0m  [1m[35mCOMMIT[0m
  [1m[36mTRANSACTION (0.1ms)[0m  [1m[35mBEGIN[0m
  [1m[36mTask Create (1.5ms)[0m  [1m[32mINSERT INTO "tasks" ("title", "description", "state", "deadline", "user_id", "created_at", "updated_at") VALUES ($1, $2, $3, $4, $5, $6, $7) RETURNING "id"[0m  [["title", "Implement user authentication"], ["description", "Implement user authentication using Devise gem"], ["state", "In-progress"], ["deadline", "2024-06-10 17:05:53.759208"], ["user_id", 1], ["created_at", "2024-05-31 17:05:53.759540"], ["updated_at", "2024-05-31 17:05:53.759540"]]
  [1m[36mTRANSACTION (0.2ms)[0m  [1m[35mCOMMIT[0m
  [1m[36mTRANSACTION (0.1ms)[0m  [1m[35mBEGIN[0m
  [1m[36mTask Create (1.1ms)[0m  [1m[32mINSERT INTO "tasks" ("title", "description", "state", "deadline", "user_id", "created_at", "updated_at") VALUES ($1, $2, $3, $4, $5, $6, $7) RETURNING "id"[0m  [["title", "Write blog post"], ["description", "Write a blog post about the latest features of the product"], ["state", "Done"], ["deadline", "2024-05-29 17:05:53.762213"], ["user_id", 1], ["created_at", "2024-05-31 17:05:53.762462"], ["updated_at", "2024-05-31 17:05:53.762462"]]
  [1m[36mTRANSACTION (0.2ms)[0m  [1m[35mCOMMIT[0m
  [1m[36mTRANSACTION (0.1ms)[0m  [1m[35mBEGIN[0m
  [1m[36mTask Create (1.4ms)[0m  [1m[32mINSERT INTO "tasks" ("title", "description", "state", "deadline", "user_id", "created_at", "updated_at") VALUES ($1, $2, $3, $4, $5, $6, $7) RETURNING "id"[0m  [["title", "Fix bug in payment module"], ["description", "Investigate and fix a bug causing payment failures in the payment module"], ["state", "In-progress"], ["deadline", "2024-06-03 17:05:53.764696"], ["user_id", 2], ["created_at", "2024-05-31 17:05:53.764986"], ["updated_at", "2024-05-31 17:05:53.764986"]]
  [1m[36mTRANSACTION (0.3ms)[0m  [1m[35mCOMMIT[0m
  [1m[36mTRANSACTION (0.1ms)[0m  [1m[35mBEGIN[0m
  [1m[36mTask Create (1.0ms)[0m  [1m[32mINSERT INTO "tasks" ("title", "description", "state", "deadline", "user_id", "created_at", "updated_at") VALUES ($1, $2, $3, $4, $5, $6, $7) RETURNING "id"[0m  [["title", "Optimize database queries"], ["description", "Optimize slow database queries to improve application performance"], ["state", "Backlog"], ["deadline", "2024-06-07 17:05:53.767805"], ["user_id", 2], ["created_at", "2024-05-31 17:05:53.768021"], ["updated_at", "2024-05-31 17:05:53.768021"]]
  [1m[36mTRANSACTION (0.3ms)[0m  [1m[35mCOMMIT[0m
  [1m[36mTRANSACTION (0.1ms)[0m  [1m[35mBEGIN[0m
  [1m[36mTask Create (1.1ms)[0m  [1m[32mINSERT INTO "tasks" ("title", "description", "state", "deadline", "user_id", "created_at", "updated_at") VALUES ($1, $2, $3, $4, $5, $6, $7) RETURNING "id"[0m  [["title", "Prepare presentation for client meeting"], ["description", "Prepare a presentation to showcase project progress and future plans to the client"], ["state", "Backlog"], ["deadline", "2024-06-02 17:05:53.770539"], ["user_id", 2], ["created_at", "2024-05-31 17:05:53.770757"], ["updated_at", "2024-05-31 17:05:53.770757"]]
  [1m[36mTRANSACTION (0.3ms)[0m  [1m[35mCOMMIT[0m
Started GET "/" for 127.0.0.1 at 2024-05-31 22:37:01 +0530
  [1m[36mActiveRecord::SchemaMigration Load (0.9ms)[0m  [1m[34mSELECT "schema_migrations"."version" FROM "schema_migrations" ORDER BY "schema_migrations"."version" ASC[0m
Processing by TasksController#index as HTML
Completed 401 Unauthorized in 11ms (ActiveRecord: 0.0ms | Allocations: 2695)


Started GET "/users/sign_in" for 127.0.0.1 at 2024-05-31 22:37:01 +0530
Processing by Devise::SessionsController#new as HTML
  Rendering layout layouts/application.html.erb
  Rendering devise/sessions/new.html.erb within layouts/application
  Rendered devise/shared/_links.html.erb (Duration: 0.8ms | Allocations: 566)
  Rendered devise/sessions/new.html.erb within layouts/application (Duration: 10.9ms | Allocations: 3840)
  Rendered layout layouts/application.html.erb (Duration: 266.1ms | Allocations: 102334)
Completed 200 OK in 325ms (Views: 280.5ms | ActiveRecord: 13.6ms | Allocations: 124139)


Started POST "/users/sign_in" for 127.0.0.1 at 2024-05-31 22:37:23 +0530
Processing by Devise::SessionsController#create as TURBO_STREAM
  Parameters: {"authenticity_token"=>"[FILTERED]", "user"=>{"email"=>"amaha@example.com", "password"=>"[FILTERED]", "remember_me"=>"0"}, "commit"=>"Log in"}
  [1m[36mUser Load (1.8ms)[0m  [1m[34mSELECT "users".* FROM "users" WHERE "users"."email" = $1 ORDER BY "users"."id" ASC LIMIT $2[0m  [["email", "amaha@example.com"], ["LIMIT", 1]]
Redirected to http://127.0.0.1:3000/
Completed 303 See Other in 450ms (ActiveRecord: 2.1ms | Allocations: 7776)


Started GET "/" for 127.0.0.1 at 2024-05-31 22:37:24 +0530
Processing by TasksController#index as TURBO_STREAM
  [1m[36mUser Load (0.3ms)[0m  [1m[34mSELECT "users".* FROM "users" WHERE "users"."id" = $1 ORDER BY "users"."id" ASC LIMIT $2[0m  [["id", 2], ["LIMIT", 1]]
  Rendering layout layouts/application.html.erb
  Rendering tasks/index.html.erb within layouts/application
  [1m[36mTask Load (0.7ms)[0m  [1m[34mSELECT "tasks".* FROM "tasks" WHERE "tasks"."user_id" = $1[0m  [["user_id", 2]]
  ↳ app/views/tasks/index.html.erb:33
  Rendered tasks/index.html.erb within layouts/application (Duration: 19.1ms | Allocations: 13025)
  Rendered layout layouts/application.html.erb (Duration: 19.6ms | Allocations: 13717)
Completed 200 OK in 31ms (Views: 18.4ms | ActiveRecord: 4.4ms | Allocations: 18711)


Started GET "/tasks/new" for 127.0.0.1 at 2024-05-31 22:44:54 +0530
Processing by TasksController#new as HTML
  [1m[36mUser Load (0.9ms)[0m  [1m[34mSELECT "users".* FROM "users" WHERE "users"."id" = $1 ORDER BY "users"."id" ASC LIMIT $2[0m  [["id", 2], ["LIMIT", 1]]
  Rendering layout layouts/application.html.erb
  Rendering tasks/new.html.erb within layouts/application
  Rendered tasks/_form.html.erb (Duration: 19.9ms | Allocations: 4608)
  Rendered tasks/new.html.erb within layouts/application (Duration: 21.7ms | Allocations: 4909)
  Rendered layout layouts/application.html.erb (Duration: 23.5ms | Allocations: 6054)
Completed 200 OK in 37ms (Views: 24.8ms | ActiveRecord: 0.9ms | Allocations: 8093)


Started POST "/tasks" for 127.0.0.1 at 2024-05-31 22:45:29 +0530
Processing by TasksController#create as TURBO_STREAM
  Parameters: {"authenticity_token"=>"[FILTERED]", "task"=>{"title"=>"Travel ", "description"=>"Travel in the mountains", "state"=>"Backlog", "deadline"=>"2024-06-01T22:45"}, "commit"=>"Create Task"}
  [1m[36mUser Load (0.6ms)[0m  [1m[34mSELECT "users".* FROM "users" WHERE "users"."id" = $1 ORDER BY "users"."id" ASC LIMIT $2[0m  [["id", 2], ["LIMIT", 1]]
  [1m[36mTRANSACTION (0.2ms)[0m  [1m[35mBEGIN[0m
  ↳ app/controllers/tasks_controller.rb:20:in `create'
  [1m[36mTask Create (3.1ms)[0m  [1m[32mINSERT INTO "tasks" ("title", "description", "state", "deadline", "user_id", "created_at", "updated_at") VALUES ($1, $2, $3, $4, $5, $6, $7) RETURNING "id"[0m  [["title", "Travel "], ["description", "Travel in the mountains"], ["state", "Backlog"], ["deadline", "2024-06-01 22:45:00"], ["user_id", 2], ["created_at", "2024-05-31 17:15:29.665236"], ["updated_at", "2024-05-31 17:15:29.665236"]]
  ↳ app/controllers/tasks_controller.rb:20:in `create'
  [1m[36mTRANSACTION (2.4ms)[0m  [1m[35mCOMMIT[0m
  ↳ app/controllers/tasks_controller.rb:20:in `create'
Redirected to http://127.0.0.1:3000/tasks/7
Completed 302 Found in 20ms (ActiveRecord: 6.2ms | Allocations: 4753)


Started GET "/tasks/7" for 127.0.0.1 at 2024-05-31 22:45:29 +0530
Processing by TasksController#show as TURBO_STREAM
  Parameters: {"id"=>"7"}
  [1m[36mUser Load (0.5ms)[0m  [1m[34mSELECT "users".* FROM "users" WHERE "users"."id" = $1 ORDER BY "users"."id" ASC LIMIT $2[0m  [["id", 2], ["LIMIT", 1]]
  [1m[36mTask Load (0.2ms)[0m  [1m[34mSELECT "tasks".* FROM "tasks" WHERE "tasks"."user_id" = $1 AND "tasks"."id" = $2 LIMIT $3[0m  [["user_id", 2], ["id", 7], ["LIMIT", 1]]
  ↳ app/controllers/tasks_controller.rb:43:in `set_task'
  Rendering layout layouts/application.html.erb
  Rendering tasks/show.html.erb within layouts/application
  Rendered tasks/show.html.erb within layouts/application (Duration: 3.3ms | Allocations: 1730)
  Rendered layout layouts/application.html.erb (Duration: 3.9ms | Allocations: 2399)
Completed 200 OK in 13ms (Views: 4.3ms | ActiveRecord: 0.8ms | Allocations: 4905)


Started GET "/tasks" for 127.0.0.1 at 2024-05-31 22:45:31 +0530
Processing by TasksController#index as HTML
  [1m[36mUser Load (0.4ms)[0m  [1m[34mSELECT "users".* FROM "users" WHERE "users"."id" = $1 ORDER BY "users"."id" ASC LIMIT $2[0m  [["id", 2], ["LIMIT", 1]]
  Rendering layout layouts/application.html.erb
  Rendering tasks/index.html.erb within layouts/application
  [1m[36mTask Load (0.7ms)[0m  [1m[34mSELECT "tasks".* FROM "tasks" WHERE "tasks"."user_id" = $1[0m  [["user_id", 2]]
  ↳ app/views/tasks/index.html.erb:33
  Rendered tasks/index.html.erb within layouts/application (Duration: 20.8ms | Allocations: 2853)
  Rendered layout layouts/application.html.erb (Duration: 21.8ms | Allocations: 3528)
Completed 200 OK in 28ms (Views: 21.8ms | ActiveRecord: 1.1ms | Allocations: 5258)


Started DELETE "/tasks/7" for 127.0.0.1 at 2024-05-31 22:45:38 +0530
Processing by TasksController#destroy as TURBO_STREAM
  Parameters: {"authenticity_token"=>"[FILTERED]", "id"=>"7"}
  [1m[36mUser Load (0.5ms)[0m  [1m[34mSELECT "users".* FROM "users" WHERE "users"."id" = $1 ORDER BY "users"."id" ASC LIMIT $2[0m  [["id", 2], ["LIMIT", 1]]
  [1m[36mTask Load (0.5ms)[0m  [1m[34mSELECT "tasks".* FROM "tasks" WHERE "tasks"."user_id" = $1 AND "tasks"."id" = $2 LIMIT $3[0m  [["user_id", 2], ["id", 7], ["LIMIT", 1]]
  ↳ app/controllers/tasks_controller.rb:43:in `set_task'
  [1m[36mTRANSACTION (0.3ms)[0m  [1m[35mBEGIN[0m
  ↳ app/controllers/tasks_controller.rb:36:in `destroy'
  [1m[36mTask Destroy (2.1ms)[0m  [1m[31mDELETE FROM "tasks" WHERE "tasks"."id" = $1[0m  [["id", 7]]
  ↳ app/controllers/tasks_controller.rb:36:in `destroy'
  [1m[36mTRANSACTION (0.9ms)[0m  [1m[35mCOMMIT[0m
  ↳ app/controllers/tasks_controller.rb:36:in `destroy'
Redirected to http://127.0.0.1:3000/tasks
Completed 302 Found in 19ms (ActiveRecord: 4.3ms | Allocations: 3531)


Started GET "/tasks" for 127.0.0.1 at 2024-05-31 22:45:38 +0530
Processing by TasksController#index as TURBO_STREAM
  [1m[36mUser Load (0.3ms)[0m  [1m[34mSELECT "users".* FROM "users" WHERE "users"."id" = $1 ORDER BY "users"."id" ASC LIMIT $2[0m  [["id", 2], ["LIMIT", 1]]
  Rendering layout layouts/application.html.erb
  Rendering tasks/index.html.erb within layouts/application
  [1m[36mTask Load (0.6ms)[0m  [1m[34mSELECT "tasks".* FROM "tasks" WHERE "tasks"."user_id" = $1[0m  [["user_id", 2]]
  ↳ app/views/tasks/index.html.erb:33
  Rendered tasks/index.html.erb within layouts/application (Duration: 9.0ms | Allocations: 2637)
  Rendered layout layouts/application.html.erb (Duration: 9.9ms | Allocations: 3306)
Completed 200 OK in 16ms (Views: 10.0ms | ActiveRecord: 0.9ms | Allocations: 5020)


Started GET "/tasks/6" for 127.0.0.1 at 2024-05-31 22:45:42 +0530
Processing by TasksController#show as HTML
  Parameters: {"id"=>"6"}
  [1m[36mUser Load (0.4ms)[0m  [1m[34mSELECT "users".* FROM "users" WHERE "users"."id" = $1 ORDER BY "users"."id" ASC LIMIT $2[0m  [["id", 2], ["LIMIT", 1]]
  [1m[36mTask Load (0.6ms)[0m  [1m[34mSELECT "tasks".* FROM "tasks" WHERE "tasks"."user_id" = $1 AND "tasks"."id" = $2 LIMIT $3[0m  [["user_id", 2], ["id", 6], ["LIMIT", 1]]
  ↳ app/controllers/tasks_controller.rb:43:in `set_task'
  Rendering layout layouts/application.html.erb
  Rendering tasks/show.html.erb within layouts/application
  Rendered tasks/show.html.erb within layouts/application (Duration: 4.1ms | Allocations: 1470)
  Rendered layout layouts/application.html.erb (Duration: 5.5ms | Allocations: 2139)
Completed 200 OK in 17ms (Views: 6.2ms | ActiveRecord: 1.0ms | Allocations: 4508)


Started GET "/tasks" for 127.0.0.1 at 2024-05-31 22:45:44 +0530
Processing by TasksController#index as HTML
  [1m[36mUser Load (0.3ms)[0m  [1m[34mSELECT "users".* FROM "users" WHERE "users"."id" = $1 ORDER BY "users"."id" ASC LIMIT $2[0m  [["id", 2], ["LIMIT", 1]]
  Rendering layout layouts/application.html.erb
  Rendering tasks/index.html.erb within layouts/application
  [1m[36mTask Load (0.6ms)[0m  [1m[34mSELECT "tasks".* FROM "tasks" WHERE "tasks"."user_id" = $1[0m  [["user_id", 2]]
  ↳ app/views/tasks/index.html.erb:33
  Rendered tasks/index.html.erb within layouts/application (Duration: 8.6ms | Allocations: 2629)
  Rendered layout layouts/application.html.erb (Duration: 9.8ms | Allocations: 3298)
Completed 200 OK in 16ms (Views: 10.1ms | ActiveRecord: 0.8ms | Allocations: 5010)


Started GET "/tasks/4/edit" for 127.0.0.1 at 2024-05-31 22:45:45 +0530
Processing by TasksController#edit as HTML
  Parameters: {"id"=>"4"}
  [1m[36mUser Load (0.3ms)[0m  [1m[34mSELECT "users".* FROM "users" WHERE "users"."id" = $1 ORDER BY "users"."id" ASC LIMIT $2[0m  [["id", 2], ["LIMIT", 1]]
  [1m[36mTask Load (0.4ms)[0m  [1m[34mSELECT "tasks".* FROM "tasks" WHERE "tasks"."user_id" = $1 AND "tasks"."id" = $2 LIMIT $3[0m  [["user_id", 2], ["id", 4], ["LIMIT", 1]]
  ↳ app/controllers/tasks_controller.rb:43:in `set_task'
  Rendering layout layouts/application.html.erb
  Rendering tasks/edit.html.erb within layouts/application
  Rendered tasks/_form.html.erb (Duration: 1.9ms | Allocations: 686)
  Rendered tasks/edit.html.erb within layouts/application (Duration: 2.8ms | Allocations: 916)
  Rendered layout layouts/application.html.erb (Duration: 5.2ms | Allocations: 2058)
Completed 200 OK in 13ms (Views: 5.8ms | ActiveRecord: 0.7ms | Allocations: 4507)


Started GET "/users/logout" for 127.0.0.1 at 2024-05-31 22:46:02 +0530
Processing by UsersController#logout as HTML
  [1m[36mUser Load (0.4ms)[0m  [1m[34mSELECT "users".* FROM "users" WHERE "users"."id" = $1 ORDER BY "users"."id" ASC LIMIT $2[0m  [["id", 2], ["LIMIT", 1]]
  ↳ app/controllers/users_controller.rb:3:in `logout'
Redirected to http://127.0.0.1:3000/
Completed 302 Found in 8ms (ActiveRecord: 0.4ms | Allocations: 2024)


Started GET "/" for 127.0.0.1 at 2024-05-31 22:46:02 +0530
Processing by TasksController#index as HTML
Completed 401 Unauthorized in 1ms (ActiveRecord: 0.0ms | Allocations: 376)


Started GET "/users/sign_in" for 127.0.0.1 at 2024-05-31 22:46:02 +0530
Processing by Devise::SessionsController#new as HTML
  Rendering layout layouts/application.html.erb
  Rendering devise/sessions/new.html.erb within layouts/application
  Rendered devise/shared/_links.html.erb (Duration: 0.1ms | Allocations: 113)
  Rendered devise/sessions/new.html.erb within layouts/application (Duration: 1.2ms | Allocations: 906)
  Rendered layout layouts/application.html.erb (Duration: 2.7ms | Allocations: 2048)
Completed 200 OK in 4ms (Views: 3.1ms | ActiveRecord: 0.0ms | Allocations: 2742)


